<?xml version="1.0" encoding="UTF-8"?>
<!-- Generated by org.testng.reporters.JUnitReportReporter -->
<testsuite skipped="0" hostname="LENOVO" name="testcases.TC005_DeleteLead" tests="1" failures="0" timestamp="16 Jun 2018 10:21:35 GMT" time="23.541" errors="0">
  <testcase name="createLeads" time="23.541" classname="testcases.TC005_DeleteLead"/>
</testsuite> <!-- testcases.TC005_DeleteLead -->
