<?xml version="1.0" encoding="UTF-8"?>
<!-- Generated by org.testng.reporters.JUnitReportReporter -->
<testsuite skipped="0" hostname="LENOVO" name="testcases.TC004_EditLeads" tests="2" failures="0" timestamp="09 Jun 2018 04:54:48 GMT" time="41.871" errors="0">
  <testcase name="createLeads" time="21.095" classname="testcases.TC004_EditLeads"/>
  <testcase name="createLeads" time="20.776" classname="testcases.TC004_EditLeads"/>
</testsuite> <!-- testcases.TC004_EditLeads -->
