<?xml version="1.0" encoding="UTF-8"?>
<!-- Generated by org.testng.reporters.JUnitReportReporter -->
<testsuite skipped="0" hostname="LENOVO" name="testcases.TC001_LoginAndLogout" tests="2" failures="0" timestamp="03 Jun 2018 03:40:56 GMT" time="62.588" errors="0">
  <testcase name="loginAndLogout" time="9.873" classname="testcases.TC001_LoginAndLogout"/>
  <testcase name="loginAndLogout" time="52.715" classname="testcases.TC001_LoginAndLogout"/>
</testsuite> <!-- testcases.TC001_LoginAndLogout -->
