<?xml version="1.0" encoding="UTF-8"?>
<!-- Generated by org.testng.reporters.JUnitReportReporter -->
<testsuite skipped="0" hostname="LENOVO" name="testcases.TC003_CreateLeads" tests="2" failures="0" timestamp="16 Jun 2018 10:21:35 GMT" time="44.037" errors="0">
  <testcase name="createLeads" time="21.871" classname="testcases.TC003_CreateLeads"/>
  <testcase name="createLeads" time="22.166" classname="testcases.TC003_CreateLeads"/>
</testsuite> <!-- testcases.TC003_CreateLeads -->
