<?xml version="1.0" encoding="UTF-8"?>
<!-- Generated by org.testng.reporters.JUnitReportReporter -->
<testsuite skipped="0" hostname="LENOVO" name="testcases.TC006_MergeLead" tests="1" failures="0" timestamp="17 Jun 2018 05:07:07 GMT" time="28.193" errors="0">
  <testcase name="createLeads" time="28.193" classname="testcases.TC006_MergeLead"/>
</testsuite> <!-- testcases.TC006_MergeLead -->
